[INFO ] 2023-11-21 21:36:59.545 [main] HelperClass - Quitting the driver
[INFO ] 2023-11-21 21:37:51.090 [main] HelperClass - Quitting the driver
[INFO ] 2023-11-21 21:38:03.018 [main] HelperClass - Quitting the driver
[INFO ] 2023-11-21 21:38:16.146 [main] HelperClass - Quitting the driver
[INFO ] 2023-11-21 22:38:42.691 [main] HelperClass - Logged into Cyclos website
[INFO ] 2023-11-21 22:38:42.696 [main] HelperClass - Cyclos URL is launched
[INFO ] 2023-11-21 22:38:46.993 [main] HelperClass - User enter valid user name and password
[INFO ] 2023-11-21 22:38:48.880 [main] HelperClass - User selects the message tab
[INFO ] 2023-11-21 22:38:51.517 [main] HelperClass - User select the send message option
[INFO ] 2023-11-21 22:38:51.903 [main] HelperClass - User gets the number of send messages
[INFO ] 2023-11-21 22:38:51.966 [main] HelperClass - Print the send message
[INFO ] 2023-11-21 22:38:51.968 [main] HelperClass - Quitting the driver
[INFO ] 2023-11-21 22:39:08.303 [main] HelperClass - Logged into Cyclos website
[INFO ] 2023-11-21 22:39:08.303 [main] HelperClass - Cyclos URL is launched
[INFO ] 2023-11-21 22:39:14.098 [main] HelperClass - User enter valid user name and password
[INFO ] 2023-11-21 22:39:18.404 [main] HelperClass - User selects the message tab
[INFO ] 2023-11-21 22:39:23.631 [main] HelperClass - User select the inbox option
[INFO ] 2023-11-21 22:39:24.261 [main] HelperClass - User get the number of inbox messages
[INFO ] 2023-11-21 22:39:24.261 [main] HelperClass - Quitting the driver
[INFO ] 2023-11-21 22:39:41.730 [main] HelperClass - Logged into Cyclos website
[INFO ] 2023-11-21 22:39:41.731 [main] HelperClass - Cyclos URL is launched
[INFO ] 2023-11-21 22:40:00.375 [main] HelperClass - User enter valid user name and password
[INFO ] 2023-11-21 22:40:07.446 [main] HelperClass - User selects the message tab
[INFO ] 2023-11-21 22:40:27.772 [main] HelperClass - Quitting the driver
[INFO ] 2023-11-21 22:40:49.334 [main] HelperClass - Logged into Cyclos website
[INFO ] 2023-11-21 22:40:49.335 [main] HelperClass - Cyclos URL is launched
[INFO ] 2023-11-21 22:40:56.586 [main] HelperClass - User enter valid user name and password
[INFO ] 2023-11-21 22:41:00.988 [main] HelperClass - User selects the message tab
[INFO ] 2023-11-21 22:41:04.775 [main] HelperClass - User clicks the new message button
[INFO ] 2023-11-21 22:41:09.201 [main] HelperClass - Quitting the driver
[INFO ] 2023-11-21 22:41:36.814 [main] HelperClass - Logged into Cyclos website
[INFO ] 2023-11-21 22:41:36.814 [main] HelperClass - Cyclos URL is launched
[INFO ] 2023-11-21 22:41:46.582 [main] HelperClass - User enter valid user name and password
[INFO ] 2023-11-21 22:42:06.863 [main] HelperClass - Quitting the driver
[INFO ] 2023-11-21 22:43:34.632 [TestNG-PoolService-3] HelperClass - Logged into Cyclos website
[INFO ] 2023-11-21 22:43:34.641 [TestNG-PoolService-3] HelperClass - Cyclos URL is launched
[INFO ] 2023-11-21 22:43:35.886 [TestNG-PoolService-2] HelperClass - Logged into Cyclos website
[INFO ] 2023-11-21 22:43:35.887 [TestNG-PoolService-2] HelperClass - Cyclos URL is launched
[INFO ] 2023-11-21 22:43:36.291 [TestNG-PoolService-6] HelperClass - Logged into Cyclos website
[INFO ] 2023-11-21 22:43:36.292 [TestNG-PoolService-6] HelperClass - Cyclos URL is launched
[INFO ] 2023-11-21 22:43:37.083 [TestNG-PoolService-4] HelperClass - Logged into Cyclos website
[INFO ] 2023-11-21 22:43:37.083 [TestNG-PoolService-4] HelperClass - Cyclos URL is launched
[INFO ] 2023-11-21 22:43:38.227 [TestNG-PoolService-5] HelperClass - Logged into Cyclos website
[INFO ] 2023-11-21 22:43:38.228 [TestNG-PoolService-5] HelperClass - Cyclos URL is launched
[INFO ] 2023-11-21 22:43:43.614 [TestNG-PoolService-0] HelperClass - Logged into Cyclos website
[INFO ] 2023-11-21 22:43:43.614 [TestNG-PoolService-0] HelperClass - Cyclos URL is launched
[INFO ] 2023-11-21 22:43:43.786 [TestNG-PoolService-1] HelperClass - Quitting the driver
[INFO ] 2023-11-21 22:45:44.187 [TestNG-PoolService-3] HelperClass - Quitting the driver
[INFO ] 2023-11-21 22:45:44.351 [TestNG-PoolService-2] HelperClass - Quitting the driver
[INFO ] 2023-11-21 22:45:44.483 [TestNG-PoolService-6] HelperClass - Quitting the driver
[INFO ] 2023-11-21 22:45:44.617 [TestNG-PoolService-4] HelperClass - Quitting the driver
[INFO ] 2023-11-21 22:45:44.750 [TestNG-PoolService-5] HelperClass - Quitting the driver
[INFO ] 2023-11-21 22:45:44.903 [TestNG-PoolService-0] HelperClass - Quitting the driver
[INFO ] 2023-11-22 05:45:18.575 [main] HelperClass - Logged into Cyclos website
[INFO ] 2023-11-22 05:45:18.579 [main] HelperClass - Cyclos URL is launched
[INFO ] 2023-11-22 05:45:23.826 [main] HelperClass - User entered username and password
[INFO ] 2023-11-22 05:45:26.069 [main] HelperClass - User selected the marketplace tab
[INFO ] 2023-11-22 05:45:26.118 [main] HelperClass - User selects the buy voucher option
[INFO ] 2023-11-22 05:45:30.061 [main] HelperClass - User selects the Gift voucher
[INFO ] 2023-11-22 05:45:36.170 [main] HelperClass - User entered the amount and submit
[INFO ] 2023-11-22 05:45:40.299 [main] HelperClass - Print the gift voucher pdf and the submission verified
[INFO ] 2023-11-22 05:45:40.301 [main] HelperClass - Quitting the driver
[INFO ] 2023-11-22 05:45:56.014 [main] HelperClass - Logged into Cyclos website
[INFO ] 2023-11-22 05:45:56.014 [main] HelperClass - Cyclos URL is launched
[INFO ] 2023-11-22 05:45:59.712 [main] HelperClass - User entered username and password
[INFO ] 2023-11-22 05:46:20.055 [main] HelperClass - Quitting the driver
[INFO ] 2023-11-22 05:48:31.271 [main] HelperClass - Logged into Cyclos website
[INFO ] 2023-11-22 05:48:31.275 [main] HelperClass - Cyclos URL is launched
[INFO ] 2023-11-22 05:48:37.419 [main] HelperClass - User entered username and password
[INFO ] 2023-11-22 05:48:46.345 [main] HelperClass - User selected the marketplace tab
[INFO ] 2023-11-22 05:48:46.408 [main] HelperClass - User selects the buy voucher option
[INFO ] 2023-11-22 05:49:06.704 [main] HelperClass - Quitting the driver
[INFO ] 2023-11-22 05:51:52.797 [main] HelperClass - Logged into Cyclos website
[INFO ] 2023-11-22 05:51:52.801 [main] HelperClass - Cyclos URL is launched
[INFO ] 2023-11-22 05:51:56.964 [main] HelperClass - User entered username and password
[INFO ] 2023-11-22 05:51:59.893 [main] HelperClass - User selected the marketplace tab
[INFO ] 2023-11-22 05:51:59.947 [main] HelperClass - User selects the buy voucher option
[INFO ] 2023-11-22 05:52:20.265 [main] HelperClass - Quitting the driver
[INFO ] 2023-11-22 05:52:36.023 [main] HelperClass - Logged into Cyclos website
[INFO ] 2023-11-22 05:52:36.023 [main] HelperClass - Cyclos URL is launched
[INFO ] 2023-11-22 05:52:41.932 [main] HelperClass - User entered username and password
[INFO ] 2023-11-22 05:52:46.256 [main] HelperClass - User selected the marketplace tab
[INFO ] 2023-11-22 05:52:46.305 [main] HelperClass - User Selects the my voucher option
[INFO ] 2023-11-22 05:53:06.588 [main] HelperClass - Quitting the driver
[INFO ] 2023-11-22 08:40:56.138 [main] HelperClass - Logged into Cyclos website
[INFO ] 2023-11-22 08:40:56.145 [main] HelperClass - Cyclos URL is launched
[INFO ] 2023-11-22 08:40:58.336 [main] HelperClass - User enter valid user name and password
[INFO ] 2023-11-22 08:41:03.173 [main] HelperClass - User selects the message tab
[INFO ] 2023-11-22 08:41:04.492 [main] HelperClass - User select the send message option
[INFO ] 2023-11-22 08:41:04.733 [main] HelperClass - User gets the number of send messages
[INFO ] 2023-11-22 08:41:04.811 [main] HelperClass - Print the send message
[INFO ] 2023-11-22 08:41:04.813 [main] HelperClass - Quitting the driver
[INFO ] 2023-11-22 08:41:10.910 [main] HelperClass - Logged into Cyclos website
[INFO ] 2023-11-22 08:41:10.910 [main] HelperClass - Cyclos URL is launched
[INFO ] 2023-11-22 08:41:15.540 [main] HelperClass - User enter valid user name and password
[INFO ] 2023-11-22 08:42:59.822 [main] HelperClass - Quitting the driver
[INFO ] 2023-11-22 08:43:03.326 [main] HelperClass - Quitting the driver
[INFO ] 2023-11-22 08:43:07.705 [main] HelperClass - Quitting the driver
[INFO ] 2023-11-22 08:43:13.219 [main] HelperClass - Quitting the driver
[INFO ] 2023-11-22 08:43:19.124 [main] HelperClass - Quitting the driver
[INFO ] 2023-11-22 08:51:27.525 [main] HelperClass - Quitting the driver
[INFO ] 2023-11-22 08:51:31.764 [main] HelperClass - Quitting the driver
[INFO ] 2023-11-22 09:03:23.240 [main] HelperClass - Logged into Cyclos website
[INFO ] 2023-11-22 09:03:23.245 [main] HelperClass - Cyclos URL is launched
[INFO ] 2023-11-22 09:03:23.257 [main] HelperClass - Quitting the driver
[INFO ] 2023-11-22 09:03:28.766 [main] HelperClass - Logged into Cyclos website
[INFO ] 2023-11-22 09:03:28.766 [main] HelperClass - Cyclos URL is launched
[INFO ] 2023-11-22 09:03:28.768 [main] HelperClass - Quitting the driver
[INFO ] 2023-11-22 09:13:31.711 [main] HelperClass - Quitting the driver
[INFO ] 2023-11-22 09:13:36.191 [main] HelperClass - Quitting the driver
[INFO ] 2023-11-22 09:13:41.159 [main] HelperClass - Quitting the driver
[INFO ] 2023-11-22 09:13:46.818 [main] HelperClass - Quitting the driver
[INFO ] 2023-11-22 09:13:53.234 [main] HelperClass - Quitting the driver
[INFO ] 2023-11-22 09:14:00.041 [main] HelperClass - Quitting the driver
[INFO ] 2023-11-22 09:14:07.048 [main] HelperClass - Quitting the driver
[INFO ] 2023-11-22 09:14:14.400 [main] HelperClass - Quitting the driver
[INFO ] 2023-11-22 09:14:21.825 [main] HelperClass - Quitting the driver
[INFO ] 2023-11-22 09:14:28.825 [main] HelperClass - Quitting the driver
[INFO ] 2023-11-22 09:14:35.535 [main] HelperClass - Quitting the driver
[INFO ] 2023-11-22 09:14:43.161 [main] HelperClass - Quitting the driver
[INFO ] 2023-11-22 09:14:52.190 [main] HelperClass - Quitting the driver
[INFO ] 2023-11-22 09:15:01.326 [main] HelperClass - Quitting the driver
[INFO ] 2023-11-22 09:15:09.821 [main] HelperClass - Quitting the driver
[INFO ] 2023-11-22 09:22:18.652 [main] HelperClass - Logged into Cyclos website
[INFO ] 2023-11-22 09:22:18.657 [main] HelperClass - Cyclos URL is launched
[INFO ] 2023-11-22 09:22:20.565 [main] HelperClass - User enter valid user name and password
[INFO ] 2023-11-22 09:22:22.958 [main] HelperClass - User selects the message tab
[INFO ] 2023-11-22 09:22:24.221 [main] HelperClass - User select the send message option
[INFO ] 2023-11-22 09:22:24.395 [main] HelperClass - User gets the number of send messages
[INFO ] 2023-11-22 09:22:24.473 [main] HelperClass - Print the send message
[INFO ] 2023-11-22 09:22:24.475 [main] HelperClass - Quitting the driver
[INFO ] 2023-11-22 09:22:30.459 [main] HelperClass - Logged into Cyclos website
[INFO ] 2023-11-22 09:22:30.459 [main] HelperClass - Cyclos URL is launched
[INFO ] 2023-11-22 09:22:32.882 [main] HelperClass - User enter valid user name and password
[INFO ] 2023-11-22 09:22:33.920 [main] HelperClass - User selects the message tab
[INFO ] 2023-11-22 09:22:35.267 [main] HelperClass - User select the inbox option
[INFO ] 2023-11-22 09:22:35.547 [main] HelperClass - User get the number of inbox messages
[INFO ] 2023-11-22 09:22:35.548 [main] HelperClass - Quitting the driver
[INFO ] 2023-11-22 09:22:41.901 [main] HelperClass - Logged into Cyclos website
[INFO ] 2023-11-22 09:22:41.901 [main] HelperClass - Cyclos URL is launched
[INFO ] 2023-11-22 09:22:43.899 [main] HelperClass - User enter valid user name and password
[INFO ] 2023-11-22 09:22:44.936 [main] HelperClass - User selects the message tab
[INFO ] 2023-11-22 09:22:46.363 [main] HelperClass - User select the Trash option
[INFO ] 2023-11-22 09:22:46.448 [main] HelperClass - User get the number of Trash message
[INFO ] 2023-11-22 09:22:46.449 [main] HelperClass - Quitting the driver
[INFO ] 2023-11-22 09:22:53.078 [main] HelperClass - Logged into Cyclos website
[INFO ] 2023-11-22 09:22:53.078 [main] HelperClass - Cyclos URL is launched
[INFO ] 2023-11-22 09:22:55.248 [main] HelperClass - User enter valid user name and password
[INFO ] 2023-11-22 09:22:56.258 [main] HelperClass - User selects the message tab
[INFO ] 2023-11-22 09:22:57.538 [main] HelperClass - User clicks the new message button
[INFO ] 2023-11-22 09:23:00.659 [main] HelperClass - User clicks the message button
[INFO ] 2023-11-22 09:23:00.912 [main] HelperClass - User receives a verification message
[INFO ] 2023-11-22 09:23:00.913 [main] HelperClass - Quitting the driver
[INFO ] 2023-11-22 09:23:07.464 [main] HelperClass - Logged into Cyclos website
[INFO ] 2023-11-22 09:23:07.464 [main] HelperClass - Cyclos URL is launched
[INFO ] 2023-11-22 09:23:11.046 [main] HelperClass - User enter valid user name and password
[INFO ] 2023-11-22 09:23:12.083 [main] HelperClass - User selects the message tab
[INFO ] 2023-11-22 09:23:13.346 [main] HelperClass - User clicks the new message button
[INFO ] 2023-11-22 09:23:16.347 [main] HelperClass - User enter valid username and password
[INFO ] 2023-11-22 09:23:16.557 [main] HelperClass - User receive the message 
[INFO ] 2023-11-22 09:23:16.558 [main] HelperClass - Quitting the driver
[INFO ] 2023-11-22 09:24:05.341 [main] HelperClass - Logged into Cyclos website
[INFO ] 2023-11-22 09:24:05.346 [main] HelperClass - Cyclos URL is launched
[INFO ] 2023-11-22 09:24:07.390 [main] HelperClass - User entered username and password
[INFO ] 2023-11-22 09:24:08.419 [main] HelperClass - User selected the marketplace tab
[INFO ] 2023-11-22 09:24:08.508 [main] HelperClass - User selects the buy voucher option
[INFO ] 2023-11-22 09:24:28.852 [main] HelperClass - Quitting the driver
[INFO ] 2023-11-22 09:24:35.746 [main] HelperClass - Logged into Cyclos website
[INFO ] 2023-11-22 09:24:35.746 [main] HelperClass - Cyclos URL is launched
[INFO ] 2023-11-22 09:24:37.773 [main] HelperClass - User entered username and password
[INFO ] 2023-11-22 09:24:38.742 [main] HelperClass - User selected the marketplace tab
[INFO ] 2023-11-22 09:24:38.819 [main] HelperClass - User Selects the my voucher option
[INFO ] 2023-11-22 09:25:12.522 [main] HelperClass - Logged into Cyclos website
[INFO ] 2023-11-22 09:25:12.528 [main] HelperClass - Cyclos URL is launched
[INFO ] 2023-11-22 09:25:14.775 [main] HelperClass - User entered username and password
[INFO ] 2023-11-22 09:25:15.731 [main] HelperClass - User selected the marketplace tab
[INFO ] 2023-11-22 09:25:15.808 [main] HelperClass - User selects the buy voucher option
[INFO ] 2023-11-22 09:25:17.143 [main] HelperClass - User selects the Gift voucher
[INFO ] 2023-11-22 09:25:18.327 [main] HelperClass - User entered the amount and submit
[INFO ] 2023-11-22 09:25:19.199 [main] HelperClass - Print the gift voucher pdf and the submission verified
[INFO ] 2023-11-22 09:25:19.201 [main] HelperClass - Quitting the driver
[INFO ] 2023-11-22 09:25:25.527 [main] HelperClass - Logged into Cyclos website
[INFO ] 2023-11-22 09:25:25.527 [main] HelperClass - Cyclos URL is launched
[INFO ] 2023-11-22 09:25:28.067 [main] HelperClass - User entered username and password
[INFO ] 2023-11-22 09:25:29.109 [main] HelperClass - User selected the marketplace tab
[INFO ] 2023-11-22 09:25:29.203 [main] HelperClass - User Selects the my voucher option
[INFO ] 2023-11-22 09:25:49.635 [main] HelperClass - Quitting the driver
[INFO ] 2023-11-22 09:33:21.952 [main] HelperClass - Logged into Cyclos website
[INFO ] 2023-11-22 09:33:21.956 [main] HelperClass - Cyclos URL is launched
[INFO ] 2023-11-22 09:33:23.662 [main] HelperClass - User enter valid user name and password
[INFO ] 2023-11-22 09:33:24.598 [main] HelperClass - User selects the message tab
[INFO ] 2023-11-22 09:33:25.747 [main] HelperClass - User select the send message option
[INFO ] 2023-11-22 09:33:25.944 [main] HelperClass - User gets the number of send messages
[INFO ] 2023-11-22 09:33:25.996 [main] HelperClass - Print the send message
[INFO ] 2023-11-22 09:33:25.997 [main] HelperClass - Quitting the driver
[INFO ] 2023-11-22 09:33:30.145 [main] HelperClass - Logged into Cyclos website
[INFO ] 2023-11-22 09:33:30.145 [main] HelperClass - Cyclos URL is launched
[INFO ] 2023-11-22 09:33:31.932 [main] HelperClass - User enter valid user name and password
[INFO ] 2023-11-22 09:33:32.899 [main] HelperClass - User selects the message tab
[INFO ] 2023-11-22 09:33:34.099 [main] HelperClass - User select the inbox option
[INFO ] 2023-11-22 09:33:34.320 [main] HelperClass - User get the number of inbox messages
[INFO ] 2023-11-22 09:33:34.320 [main] HelperClass - Quitting the driver
[INFO ] 2023-11-22 09:33:39.030 [main] HelperClass - Logged into Cyclos website
[INFO ] 2023-11-22 09:33:39.030 [main] HelperClass - Cyclos URL is launched
[INFO ] 2023-11-22 09:33:42.419 [main] HelperClass - User enter valid user name and password
[INFO ] 2023-11-22 09:33:44.103 [main] HelperClass - User selects the message tab
[INFO ] 2023-11-22 09:33:45.494 [main] HelperClass - User select the Trash option
[INFO ] 2023-11-22 09:33:45.573 [main] HelperClass - User get the number of Trash message
[INFO ] 2023-11-22 09:33:45.573 [main] HelperClass - Quitting the driver
[INFO ] 2023-11-22 09:33:50.701 [main] HelperClass - Logged into Cyclos website
[INFO ] 2023-11-22 09:33:50.701 [main] HelperClass - Cyclos URL is launched
[INFO ] 2023-11-22 09:33:53.549 [main] HelperClass - User enter valid user name and password
[INFO ] 2023-11-22 09:33:54.528 [main] HelperClass - User selects the message tab
[INFO ] 2023-11-22 09:33:55.812 [main] HelperClass - User clicks the new message button
[INFO ] 2023-11-22 09:33:58.745 [main] HelperClass - User clicks the message button
[INFO ] 2023-11-22 09:33:58.984 [main] HelperClass - User receives a verification message
[INFO ] 2023-11-22 09:33:58.985 [main] HelperClass - Quitting the driver
[INFO ] 2023-11-22 09:34:04.119 [main] HelperClass - Logged into Cyclos website
[INFO ] 2023-11-22 09:34:04.119 [main] HelperClass - Cyclos URL is launched
[INFO ] 2023-11-22 09:34:06.753 [main] HelperClass - User enter valid user name and password
[INFO ] 2023-11-22 09:34:07.809 [main] HelperClass - User selects the message tab
[INFO ] 2023-11-22 09:34:08.955 [main] HelperClass - User clicks the new message button
[INFO ] 2023-11-22 09:34:11.764 [main] HelperClass - User enter valid username and password
[INFO ] 2023-11-22 09:34:12.005 [main] HelperClass - User receive the message 
[INFO ] 2023-11-22 09:34:12.005 [main] HelperClass - Quitting the driver
[INFO ] 2023-11-22 10:02:14.284 [main] HelperClass - Logged into Cyclos website
[INFO ] 2023-11-22 10:02:14.291 [main] HelperClass - Cyclos URL is launched
[INFO ] 2023-11-22 10:02:16.285 [main] HelperClass - User entered username and password
[INFO ] 2023-11-22 10:02:17.277 [main] HelperClass - User selected the marketplace tab
[INFO ] 2023-11-22 10:02:17.325 [main] HelperClass - User selects the buy voucher option
[INFO ] 2023-11-22 10:02:18.755 [main] HelperClass - User selects the Gift voucher
[INFO ] 2023-11-22 10:02:19.984 [main] HelperClass - User entered the amount and submit
[INFO ] 2023-11-22 10:02:20.696 [main] HelperClass - Print the gift voucher pdf and the submission verified
[INFO ] 2023-11-22 10:02:20.697 [main] HelperClass - Quitting the driver
[INFO ] 2023-11-22 10:02:24.990 [main] HelperClass - Logged into Cyclos website
[INFO ] 2023-11-22 10:02:24.990 [main] HelperClass - Cyclos URL is launched
[INFO ] 2023-11-22 10:02:26.788 [main] HelperClass - User entered username and password
[INFO ] 2023-11-22 10:02:27.799 [main] HelperClass - User selected the marketplace tab
[INFO ] 2023-11-22 10:02:27.851 [main] HelperClass - User Selects the my voucher option
[INFO ] 2023-11-22 10:02:30.733 [main] HelperClass - User Verfied the page is successfully opened
[INFO ] 2023-11-22 10:02:30.776 [main] HelperClass - User download the gift voucher pdf
[INFO ] 2023-11-22 10:02:30.776 [main] HelperClass - Quitting the driver
[INFO ] 2023-11-22 10:44:34.506 [main] HelperClass - Logged into Cyclos website
[INFO ] 2023-11-22 10:44:34.509 [main] HelperClass - Cyclos URL is launched
[INFO ] 2023-11-22 10:44:36.562 [main] HelperClass - User enter valid user name and password
[INFO ] 2023-11-22 10:44:37.506 [main] HelperClass - User selects the message tab
[INFO ] 2023-11-22 10:44:38.697 [main] HelperClass - User select the send message option
[INFO ] 2023-11-22 10:44:38.886 [main] HelperClass - User gets the number of send messages
[INFO ] 2023-11-22 10:44:38.934 [main] HelperClass - Print the send message
[INFO ] 2023-11-22 10:44:38.937 [main] HelperClass - Quitting the driver
[INFO ] 2023-11-22 10:44:43.817 [main] HelperClass - Logged into Cyclos website
[INFO ] 2023-11-22 10:44:43.818 [main] HelperClass - Cyclos URL is launched
[INFO ] 2023-11-22 10:44:45.431 [main] HelperClass - User enter valid user name and password
[INFO ] 2023-11-22 10:44:46.402 [main] HelperClass - User selects the message tab
[INFO ] 2023-11-22 10:44:47.568 [main] HelperClass - User select the inbox option
[INFO ] 2023-11-22 10:44:47.821 [main] HelperClass - User get the number of inbox messages
[INFO ] 2023-11-22 10:44:47.821 [main] HelperClass - Quitting the driver
[INFO ] 2023-11-22 10:44:53.292 [main] HelperClass - Logged into Cyclos website
[INFO ] 2023-11-22 10:44:53.292 [main] HelperClass - Cyclos URL is launched
[INFO ] 2023-11-22 10:44:55.468 [main] HelperClass - User enter valid user name and password
[INFO ] 2023-11-22 10:44:56.370 [main] HelperClass - User selects the message tab
[INFO ] 2023-11-22 10:44:58.489 [main] HelperClass - User select the Trash option
[INFO ] 2023-11-22 10:44:58.565 [main] HelperClass - User get the number of Trash message
[INFO ] 2023-11-22 10:44:58.566 [main] HelperClass - Quitting the driver
[INFO ] 2023-11-22 10:45:04.202 [main] HelperClass - Logged into Cyclos website
[INFO ] 2023-11-22 10:45:04.202 [main] HelperClass - Cyclos URL is launched
[INFO ] 2023-11-22 10:45:07.308 [main] HelperClass - User enter valid user name and password
[INFO ] 2023-11-22 10:45:08.898 [main] HelperClass - User selects the message tab
[INFO ] 2023-11-22 10:45:10.063 [main] HelperClass - User clicks the new message button
[INFO ] 2023-11-22 10:45:13.010 [main] HelperClass - User clicks the message button
[INFO ] 2023-11-22 10:45:13.493 [main] HelperClass - User receives a verification message
[INFO ] 2023-11-22 10:45:13.494 [main] HelperClass - Quitting the driver
[INFO ] 2023-11-22 10:45:19.402 [main] HelperClass - Logged into Cyclos website
[INFO ] 2023-11-22 10:45:19.403 [main] HelperClass - Cyclos URL is launched
[INFO ] 2023-11-22 10:45:21.905 [main] HelperClass - User enter valid user name and password
[INFO ] 2023-11-22 10:45:22.836 [main] HelperClass - User selects the message tab
[INFO ] 2023-11-22 10:45:23.986 [main] HelperClass - User clicks the new message button
[INFO ] 2023-11-22 10:45:26.664 [main] HelperClass - User enter valid username and password
[INFO ] 2023-11-22 10:45:27.200 [main] HelperClass - User receive the message 
[INFO ] 2023-11-22 10:45:27.201 [main] HelperClass - Quitting the driver
[INFO ] 2023-11-22 12:41:03.456 [main] HelperClass - Quitting the driver
[INFO ] 2023-11-22 12:41:06.755 [main] HelperClass - Quitting the driver
[INFO ] 2023-11-22 12:41:10.654 [main] HelperClass - Quitting the driver
[INFO ] 2023-11-22 12:41:14.760 [main] HelperClass - Quitting the driver
[INFO ] 2023-11-22 12:41:19.519 [main] HelperClass - Quitting the driver
[INFO ] 2023-11-22 12:41:25.599 [main] HelperClass - Quitting the driver
[INFO ] 2023-11-22 12:41:31.752 [main] HelperClass - Quitting the driver
[INFO ] 2023-11-22 12:41:39.147 [main] HelperClass - Quitting the driver
[INFO ] 2023-11-22 12:41:46.515 [main] HelperClass - Quitting the driver
[INFO ] 2023-11-22 12:41:53.583 [main] HelperClass - Quitting the driver
[INFO ] 2023-11-22 12:41:59.834 [main] HelperClass - Quitting the driver
[INFO ] 2023-11-22 12:42:06.605 [main] HelperClass - Quitting the driver
[INFO ] 2023-11-22 12:42:13.858 [main] HelperClass - Quitting the driver
[INFO ] 2023-11-22 12:42:21.905 [main] HelperClass - Quitting the driver
[INFO ] 2023-11-22 12:42:29.161 [main] HelperClass - Quitting the driver
[INFO ] 2023-11-22 12:42:34.697 [main] HelperClass - Quitting the driver
[INFO ] 2023-11-22 12:42:40.990 [main] HelperClass - Quitting the driver
[INFO ] 2023-11-22 12:42:46.238 [main] HelperClass - Quitting the driver
[INFO ] 2023-11-22 12:43:38.561 [main] HelperClass - Quitting the driver
[INFO ] 2023-11-22 12:43:41.820 [main] HelperClass - Quitting the driver
[INFO ] 2023-11-22 12:43:45.612 [main] HelperClass - Quitting the driver
[INFO ] 2023-11-22 12:46:42.429 [main] HelperClass - Logged into Cyclos website
[INFO ] 2023-11-22 12:46:42.432 [main] HelperClass - Cyclos URL is launched
[INFO ] 2023-11-22 12:46:44.221 [main] HelperClass - User enter valid user name and password
[INFO ] 2023-11-22 12:46:45.291 [main] HelperClass - User selects the message tab
[INFO ] 2023-11-22 12:46:46.557 [main] HelperClass - User select the send message option
[INFO ] 2023-11-22 12:46:46.757 [main] HelperClass - User gets the number of send messages
[INFO ] 2023-11-22 12:46:46.819 [main] HelperClass - Print the send message
[INFO ] 2023-11-22 12:46:46.822 [main] HelperClass - Quitting the driver
[INFO ] 2023-11-22 12:46:51.354 [main] HelperClass - Logged into Cyclos website
[INFO ] 2023-11-22 12:46:51.354 [main] HelperClass - Cyclos URL is launched
[INFO ] 2023-11-22 12:46:53.481 [main] HelperClass - User enter valid user name and password
[INFO ] 2023-11-22 12:46:55.137 [main] HelperClass - User selects the message tab
[INFO ] 2023-11-22 12:46:56.970 [main] HelperClass - User select the inbox option
[INFO ] 2023-11-22 12:46:57.275 [main] HelperClass - User get the number of inbox messages
[INFO ] 2023-11-22 12:46:57.276 [main] HelperClass - Quitting the driver
[INFO ] 2023-11-22 12:47:02.138 [main] HelperClass - Logged into Cyclos website
[INFO ] 2023-11-22 12:47:02.138 [main] HelperClass - Cyclos URL is launched
[INFO ] 2023-11-22 12:47:03.913 [main] HelperClass - User enter valid user name and password
[INFO ] 2023-11-22 12:47:06.145 [main] HelperClass - User selects the message tab
[INFO ] 2023-11-22 12:47:08.193 [main] HelperClass - User select the Trash option
[INFO ] 2023-11-22 12:47:08.283 [main] HelperClass - User get the number of Trash message
[INFO ] 2023-11-22 12:47:08.284 [main] HelperClass - Quitting the driver
[INFO ] 2023-11-22 12:47:13.217 [main] HelperClass - Logged into Cyclos website
[INFO ] 2023-11-22 12:47:13.217 [main] HelperClass - Cyclos URL is launched
[INFO ] 2023-11-22 12:47:15.304 [main] HelperClass - User enter valid user name and password
[INFO ] 2023-11-22 12:47:16.429 [main] HelperClass - User selects the message tab
[INFO ] 2023-11-22 12:47:18.156 [main] HelperClass - User clicks the new message button
[INFO ] 2023-11-22 12:47:21.240 [main] HelperClass - User clicks the message button
[INFO ] 2023-11-22 12:47:21.498 [main] HelperClass - User receives a verification message
[INFO ] 2023-11-22 12:47:21.499 [main] HelperClass - Quitting the driver
[INFO ] 2023-11-22 12:47:27.963 [main] HelperClass - Logged into Cyclos website
[INFO ] 2023-11-22 12:47:27.963 [main] HelperClass - Cyclos URL is launched
[INFO ] 2023-11-22 12:51:01.420 [main] HelperClass - Logged into Cyclos website
[INFO ] 2023-11-22 12:51:01.424 [main] HelperClass - Cyclos URL is launched
[INFO ] 2023-11-22 12:51:03.663 [main] HelperClass - User Logined and currently in the Home Page
[INFO ] 2023-11-22 12:51:04.720 [main] HelperClass - User selected Banking Tab
[INFO ] 2023-11-22 12:51:06.318 [main] HelperClass - User gets the current balance
[INFO ] 2023-11-22 12:51:06.378 [main] HelperClass - User gets the negative balance
[INFO ] 2023-11-22 12:51:06.409 [main] HelperClass - User gets the Total received payments
[INFO ] 2023-11-22 12:51:06.524 [main] HelperClass - User prints the pdf
[INFO ] 2023-11-22 12:51:06.526 [main] HelperClass - Quitting the driver
[INFO ] 2023-11-22 12:51:11.940 [main] HelperClass - Logged into Cyclos website
[INFO ] 2023-11-22 12:51:11.940 [main] HelperClass - Cyclos URL is launched
[INFO ] 2023-11-22 12:51:13.726 [main] HelperClass - User Logined and currently in the Home Page
[INFO ] 2023-11-22 12:51:14.947 [main] HelperClass - User selected Banking Tab
[INFO ] 2023-11-22 12:51:17.344 [main] HelperClass - User choose system Payment filter
[INFO ] 2023-11-22 12:51:17.410 [main] HelperClass - User get the data's from system filter
[INFO ] 2023-11-22 12:51:17.412 [main] HelperClass - Quitting the driver
[INFO ] 2023-11-22 12:51:22.920 [main] HelperClass - Logged into Cyclos website
[INFO ] 2023-11-22 12:51:22.920 [main] HelperClass - Cyclos URL is launched
[INFO ] 2023-11-22 12:51:24.666 [main] HelperClass - User Logined and currently in the Home Page
[INFO ] 2023-11-22 12:51:25.705 [main] HelperClass - User selected Banking Tab
[INFO ] 2023-11-22 12:51:28.041 [main] HelperClass - User choose Member Payment filter
[INFO ] 2023-11-22 12:51:28.317 [main] HelperClass - Quitting the driver
[INFO ] 2023-11-22 12:51:33.502 [main] HelperClass - Quitting the driver
[INFO ] 2023-11-22 12:51:38.887 [main] HelperClass - Quitting the driver
[INFO ] 2023-11-22 12:51:45.012 [main] HelperClass - Quitting the driver
[INFO ] 2023-11-22 12:51:50.653 [main] HelperClass - Quitting the driver
[INFO ] 2023-11-22 12:51:58.116 [main] HelperClass - Quitting the driver
[INFO ] 2023-11-22 12:52:04.668 [main] HelperClass - Quitting the driver
[INFO ] 2023-11-22 12:52:11.205 [main] HelperClass - Quitting the driver
[INFO ] 2023-11-22 12:52:18.731 [main] HelperClass - Quitting the driver
[INFO ] 2023-11-22 12:52:25.252 [main] HelperClass - Quitting the driver
[INFO ] 2023-11-22 12:52:32.899 [main] HelperClass - Quitting the driver
[INFO ] 2023-11-22 12:52:40.304 [main] HelperClass - Quitting the driver
[INFO ] 2023-11-22 12:52:47.863 [main] HelperClass - Quitting the driver
[INFO ] 2023-11-22 12:52:54.777 [main] HelperClass - Quitting the driver
[INFO ] 2023-11-22 12:53:01.688 [main] HelperClass - Quitting the driver
[INFO ] 2023-11-22 12:53:08.791 [main] HelperClass - Quitting the driver
[INFO ] 2023-11-22 12:53:18.479 [main] HelperClass - Quitting the driver
[INFO ] 2023-11-22 12:53:28.448 [main] HelperClass - Logged into Cyclos website
[INFO ] 2023-11-22 12:53:28.449 [main] HelperClass - Cyclos URL is launched
[INFO ] 2023-11-22 12:53:31.728 [main] HelperClass - User Logined and currently in the Home Page
[INFO ] 2023-11-22 12:53:33.105 [main] HelperClass - User is in Payment to user Option
[INFO ] 2023-11-22 12:53:37.954 [main] HelperClass - Use provided the Receiver Name and amount
[INFO ] 2023-11-22 12:53:58.228 [main] HelperClass - Quitting the driver
[INFO ] 2023-11-22 12:54:05.705 [main] HelperClass - Logged into Cyclos website
[INFO ] 2023-11-22 12:54:05.705 [main] HelperClass - Cyclos URL is launched
[INFO ] 2023-11-22 12:54:07.898 [main] HelperClass - User Logined and currently in the Home Page
[INFO ] 2023-11-22 12:54:09.288 [main] HelperClass - User is in QR Payments Option
[INFO ] 2023-11-22 12:54:31.256 [main] HelperClass - Quitting the driver
[INFO ] 2023-11-22 12:54:38.415 [main] HelperClass - Logged into Cyclos website
[INFO ] 2023-11-22 12:54:40.410 [main] HelperClass - User successfully logins the cyclos web application
[INFO ] 2023-11-22 12:54:42.186 [main] HelperClass - User is currently in Profile Images Tab
[INFO ] 2023-11-22 12:55:22.533 [main] HelperClass - Quitting the driver
[INFO ] 2023-11-22 12:55:27.559 [main] HelperClass - Quitting the driver
[INFO ] 2023-11-22 12:55:34.176 [main] HelperClass - Logged into Cyclos website
[INFO ] 2023-11-22 12:55:34.176 [main] HelperClass - Cyclos URL is launched
[INFO ] 2023-11-22 12:55:35.892 [main] HelperClass - User enter valid user name and password
[INFO ] 2023-11-22 12:55:36.953 [main] HelperClass - User selects the message tab
[INFO ] 2023-11-22 12:55:38.639 [main] HelperClass - User select the send message option
[INFO ] 2023-11-22 12:55:38.812 [main] HelperClass - User gets the number of send messages
[INFO ] 2023-11-22 12:55:38.848 [main] HelperClass - Print the send message
[INFO ] 2023-11-22 12:55:38.849 [main] HelperClass - Quitting the driver
[INFO ] 2023-11-22 12:55:47.785 [main] HelperClass - Logged into Cyclos website
[INFO ] 2023-11-22 12:55:47.785 [main] HelperClass - Cyclos URL is launched
[INFO ] 2023-11-22 12:55:50.032 [main] HelperClass - User enter valid user name and password
[INFO ] 2023-11-22 12:55:51.089 [main] HelperClass - User selects the message tab
[INFO ] 2023-11-22 12:55:52.535 [main] HelperClass - User select the inbox option
[INFO ] 2023-11-22 12:55:52.764 [main] HelperClass - User get the number of inbox messages
[INFO ] 2023-11-22 12:55:52.765 [main] HelperClass - Quitting the driver
[INFO ] 2023-11-22 12:56:04.654 [main] HelperClass - Logged into Cyclos website
[INFO ] 2023-11-22 12:56:04.654 [main] HelperClass - Cyclos URL is launched
[INFO ] 2023-11-22 12:56:07.119 [main] HelperClass - User enter valid user name and password
[INFO ] 2023-11-22 12:56:08.257 [main] HelperClass - User selects the message tab
[INFO ] 2023-11-22 12:56:09.632 [main] HelperClass - User select the Trash option
[INFO ] 2023-11-22 12:56:09.717 [main] HelperClass - User get the number of Trash message
[INFO ] 2023-11-22 12:56:09.718 [main] HelperClass - Quitting the driver
[INFO ] 2023-11-22 12:56:18.051 [main] HelperClass - Logged into Cyclos website
[INFO ] 2023-11-22 12:56:18.052 [main] HelperClass - Cyclos URL is launched
[INFO ] 2023-11-22 12:56:20.410 [main] HelperClass - User enter valid user name and password
[INFO ] 2023-11-22 12:56:21.449 [main] HelperClass - User selects the message tab
[INFO ] 2023-11-22 12:56:22.953 [main] HelperClass - User clicks the new message button
[INFO ] 2023-11-22 12:56:25.989 [main] HelperClass - User clicks the message button
[INFO ] 2023-11-22 12:56:26.579 [main] HelperClass - User receives a verification message
[INFO ] 2023-11-22 12:56:26.580 [main] HelperClass - Quitting the driver
[INFO ] 2023-11-22 12:56:34.912 [main] HelperClass - Logged into Cyclos website
[INFO ] 2023-11-22 12:56:34.912 [main] HelperClass - Cyclos URL is launched
[INFO ] 2023-11-22 12:56:37.344 [main] HelperClass - User enter valid user name and password
[INFO ] 2023-11-22 12:56:38.412 [main] HelperClass - User selects the message tab
[INFO ] 2023-11-22 12:56:39.743 [main] HelperClass - User clicks the new message button
[INFO ] 2023-11-22 12:56:42.711 [main] HelperClass - User enter valid username and password
[INFO ] 2023-11-22 12:56:43.290 [main] HelperClass - User receive the message 
[INFO ] 2023-11-22 12:56:43.291 [main] HelperClass - Quitting the driver
[INFO ] 2023-11-22 12:56:58.388 [main] HelperClass - Logged into Cyclos website
[INFO ] 2023-11-22 12:56:58.388 [main] HelperClass - Cyclos URL is launched
[INFO ] 2023-11-22 12:57:00.620 [main] HelperClass - User entered username and password
[INFO ] 2023-11-22 12:57:01.645 [main] HelperClass - User selected the marketplace tab
[INFO ] 2023-11-22 12:57:01.695 [main] HelperClass - User selects the buy voucher option
[INFO ] 2023-11-22 12:57:21.941 [main] HelperClass - Quitting the driver
[INFO ] 2023-11-22 12:57:33.994 [main] HelperClass - Logged into Cyclos website
[INFO ] 2023-11-22 12:57:33.994 [main] HelperClass - Cyclos URL is launched
[INFO ] 2023-11-22 12:57:36.331 [main] HelperClass - User entered username and password
[INFO ] 2023-11-22 12:57:37.404 [main] HelperClass - User selected the marketplace tab
[INFO ] 2023-11-22 12:57:37.455 [main] HelperClass - User Selects the my voucher option
[INFO ] 2023-11-22 12:57:39.265 [main] HelperClass - User Verfied the page is successfully opened
[INFO ] 2023-11-22 12:57:39.325 [main] HelperClass - User download the gift voucher pdf
[INFO ] 2023-11-22 12:57:39.325 [main] HelperClass - Quitting the driver
[INFO ] 2023-11-22 14:41:00.974 [main] HelperClass - Logged into Cyclos website
[INFO ] 2023-11-22 14:41:00.978 [main] HelperClass - Cyclos URL is launched
[INFO ] 2023-11-22 14:41:03.159 [main] HelperClass - User entered username and password
[INFO ] 2023-11-22 14:41:04.245 [main] HelperClass - User selected the marketplace tab
[INFO ] 2023-11-22 14:41:04.316 [main] HelperClass - User selects the buy voucher option
[INFO ] 2023-11-22 14:41:05.584 [main] HelperClass - User selects the Gift voucher
[INFO ] 2023-11-22 14:41:07.342 [main] HelperClass - User entered the amount and submit
[INFO ] 2023-11-22 14:41:08.176 [main] HelperClass - Print the gift voucher pdf and the submission verified
[INFO ] 2023-11-22 14:41:08.178 [main] HelperClass - Quitting the driver
[INFO ] 2023-11-22 14:41:13.900 [main] HelperClass - Logged into Cyclos website
[INFO ] 2023-11-22 14:41:13.900 [main] HelperClass - Cyclos URL is launched
[INFO ] 2023-11-22 14:41:17.220 [main] HelperClass - User entered username and password
[INFO ] 2023-11-22 14:41:18.257 [main] HelperClass - User selected the marketplace tab
[INFO ] 2023-11-22 14:41:18.307 [main] HelperClass - User Selects the my voucher option
[INFO ] 2023-11-22 14:41:38.630 [main] HelperClass - Quitting the driver
[INFO ] 2023-11-22 15:05:58.337 [main] HelperClass - Logged into Cyclos website
[INFO ] 2023-11-22 15:05:58.340 [main] HelperClass - Cyclos URL is launched
[INFO ] 2023-11-22 15:06:00.055 [main] HelperClass - User enter valid user name and password
[INFO ] 2023-11-22 15:06:01.110 [main] HelperClass - User selects the message tab
[INFO ] 2023-11-22 15:06:02.571 [main] HelperClass - User select the send message option
[INFO ] 2023-11-22 15:06:02.758 [main] HelperClass - User gets the number of send messages
[INFO ] 2023-11-22 15:06:02.800 [main] HelperClass - Print the send message
[INFO ] 2023-11-22 15:06:02.802 [main] HelperClass - Quitting the driver
[INFO ] 2023-11-22 15:06:07.789 [main] HelperClass - Logged into Cyclos website
[INFO ] 2023-11-22 15:06:07.789 [main] HelperClass - Cyclos URL is launched
[INFO ] 2023-11-22 15:06:09.657 [main] HelperClass - User enter valid user name and password
[INFO ] 2023-11-22 15:06:10.703 [main] HelperClass - User selects the message tab
[INFO ] 2023-11-22 15:06:12.229 [main] HelperClass - User select the inbox option
[INFO ] 2023-11-22 15:06:12.462 [main] HelperClass - User get the number of inbox messages
[INFO ] 2023-11-22 15:06:12.462 [main] HelperClass - Quitting the driver
[INFO ] 2023-11-22 15:06:18.457 [main] HelperClass - Logged into Cyclos website
[INFO ] 2023-11-22 15:06:18.457 [main] HelperClass - Cyclos URL is launched
[INFO ] 2023-11-22 15:06:20.190 [main] HelperClass - User enter valid user name and password
[INFO ] 2023-11-22 15:06:21.265 [main] HelperClass - User selects the message tab
[INFO ] 2023-11-22 15:06:23.275 [main] HelperClass - User select the Trash option
[INFO ] 2023-11-22 15:06:23.387 [main] HelperClass - User get the number of Trash message
[INFO ] 2023-11-22 15:06:23.388 [main] HelperClass - Quitting the driver
[INFO ] 2023-11-22 15:06:29.698 [main] HelperClass - Logged into Cyclos website
[INFO ] 2023-11-22 15:06:29.698 [main] HelperClass - Cyclos URL is launched
[INFO ] 2023-11-22 15:06:31.684 [main] HelperClass - User enter valid user name and password
[INFO ] 2023-11-22 15:06:32.796 [main] HelperClass - User selects the message tab
[INFO ] 2023-11-22 15:06:34.506 [main] HelperClass - User clicks the new message button
[INFO ] 2023-11-22 15:06:37.558 [main] HelperClass - User clicks the message button
[INFO ] 2023-11-22 15:06:38.154 [main] HelperClass - User receives a verification message
[INFO ] 2023-11-22 15:06:38.154 [main] HelperClass - Quitting the driver
[INFO ] 2023-11-22 15:06:44.473 [main] HelperClass - Logged into Cyclos website
[INFO ] 2023-11-22 15:06:44.474 [main] HelperClass - Cyclos URL is launched
[INFO ] 2023-11-22 15:06:46.705 [main] HelperClass - User enter valid user name and password
[INFO ] 2023-11-22 15:06:47.795 [main] HelperClass - User selects the message tab
[INFO ] 2023-11-22 15:06:49.478 [main] HelperClass - User clicks the new message button
[INFO ] 2023-11-22 15:06:52.615 [main] HelperClass - User enter valid username and password
[INFO ] 2023-11-22 15:06:53.159 [main] HelperClass - User receive the message 
[INFO ] 2023-11-22 15:06:53.160 [main] HelperClass - Quitting the driver
[INFO ] 2023-11-22 15:12:38.119 [main] HelperClass - Logged into Cyclos website
[INFO ] 2023-11-22 15:12:38.123 [main] HelperClass - Cyclos URL is launched
[INFO ] 2023-11-22 15:12:40.018 [main] HelperClass - User entered username and password
[INFO ] 2023-11-22 15:12:41.082 [main] HelperClass - User selected the marketplace tab
[INFO ] 2023-11-22 15:12:41.133 [main] HelperClass - User selects the buy voucher option
[INFO ] 2023-11-22 15:13:20.130 [main] HelperClass - Logged into Cyclos website
[INFO ] 2023-11-22 15:13:20.136 [main] HelperClass - Cyclos URL is launched
[INFO ] 2023-11-22 15:13:21.923 [main] HelperClass - User entered username and password
[INFO ] 2023-11-22 15:13:22.978 [main] HelperClass - User selected the marketplace tab
[INFO ] 2023-11-22 15:13:23.038 [main] HelperClass - User selects the buy voucher option
[INFO ] 2023-11-22 15:13:24.622 [main] HelperClass - User selects the Gift voucher
[INFO ] 2023-11-22 15:13:25.962 [main] HelperClass - User entered the amount and submit
[INFO ] 2023-11-22 15:13:26.723 [main] HelperClass - Print the gift voucher pdf and the submission verified
[INFO ] 2023-11-22 15:13:26.724 [main] HelperClass - Quitting the driver
[INFO ] 2023-11-22 15:13:31.631 [main] HelperClass - Logged into Cyclos website
[INFO ] 2023-11-22 15:13:31.632 [main] HelperClass - Cyclos URL is launched
[INFO ] 2023-11-22 15:13:33.774 [main] HelperClass - User entered username and password
[INFO ] 2023-11-22 15:13:34.913 [main] HelperClass - User selected the marketplace tab
[INFO ] 2023-11-22 15:13:34.975 [main] HelperClass - User Selects the my voucher option
[INFO ] 2023-11-22 15:25:39.076 [TestNG-PoolService-1] HelperClass - Logged into Cyclos website
[INFO ] 2023-11-22 15:25:39.078 [TestNG-PoolService-1] HelperClass - Cyclos URL is launched
[INFO ] 2023-11-22 15:25:39.407 [TestNG-PoolService-0] HelperClass - Logged into Cyclos website
[INFO ] 2023-11-22 15:25:39.407 [TestNG-PoolService-0] HelperClass - Cyclos URL is launched
[INFO ] 2023-11-22 15:25:39.750 [TestNG-PoolService-2] HelperClass - Logged into Cyclos website
[INFO ] 2023-11-22 15:25:39.750 [TestNG-PoolService-2] HelperClass - Cyclos URL is launched
[INFO ] 2023-11-22 15:25:39.951 [TestNG-PoolService-4] HelperClass - Logged into Cyclos website
[INFO ] 2023-11-22 15:25:39.951 [TestNG-PoolService-4] HelperClass - Cyclos URL is launched
[INFO ] 2023-11-22 15:25:40.309 [TestNG-PoolService-3] HelperClass - Logged into Cyclos website
[INFO ] 2023-11-22 15:25:40.309 [TestNG-PoolService-3] HelperClass - Cyclos URL is launched
[INFO ] 2023-11-22 15:25:43.605 [TestNG-PoolService-1] HelperClass - User enter valid user name and password
[INFO ] 2023-11-22 15:25:43.647 [TestNG-PoolService-0] HelperClass - User enter valid user name and password
[INFO ] 2023-11-22 15:25:43.681 [TestNG-PoolService-2] HelperClass - User enter valid user name and password
[INFO ] 2023-11-22 15:25:43.715 [TestNG-PoolService-4] HelperClass - User enter valid user name and password
[INFO ] 2023-11-22 15:25:43.748 [TestNG-PoolService-3] HelperClass - User enter valid user name and password
[INFO ] 2023-11-22 15:26:57.346 [TestNG-PoolService-1] HelperClass - Logged into Cyclos website
[INFO ] 2023-11-22 15:26:57.351 [TestNG-PoolService-1] HelperClass - Cyclos URL is launched
[INFO ] 2023-11-22 15:26:57.522 [TestNG-PoolService-4] HelperClass - Logged into Cyclos website
[INFO ] 2023-11-22 15:26:57.523 [TestNG-PoolService-4] HelperClass - Cyclos URL is launched
[INFO ] 2023-11-22 15:26:57.697 [TestNG-PoolService-0] HelperClass - Logged into Cyclos website
[INFO ] 2023-11-22 15:26:57.697 [TestNG-PoolService-0] HelperClass - Cyclos URL is launched
[INFO ] 2023-11-22 15:26:57.871 [TestNG-PoolService-2] HelperClass - Logged into Cyclos website
[INFO ] 2023-11-22 15:26:57.871 [TestNG-PoolService-2] HelperClass - Cyclos URL is launched
[INFO ] 2023-11-22 15:26:58.059 [TestNG-PoolService-3] HelperClass - Logged into Cyclos website
[INFO ] 2023-11-22 15:26:58.059 [TestNG-PoolService-3] HelperClass - Cyclos URL is launched
[INFO ] 2023-11-22 15:32:14.951 [main] HelperClass - Logged into Cyclos website
[INFO ] 2023-11-22 15:32:14.954 [main] HelperClass - Cyclos URL is launched
[INFO ] 2023-11-22 15:53:37.852 [main] HelperClass - Logged into Cyclos website
[INFO ] 2023-11-22 15:53:37.855 [main] HelperClass - Cyclos URL is launched
[INFO ] 2023-11-22 15:53:39.530 [main] HelperClass - User enter valid user name and password
[INFO ] 2023-11-22 15:53:40.583 [main] HelperClass - User selects the message tab
[INFO ] 2023-11-22 15:53:42.001 [main] HelperClass - User select the send message option
[INFO ] 2023-11-22 15:53:42.185 [main] HelperClass - User gets the number of send messages
[INFO ] 2023-11-22 15:53:42.238 [main] HelperClass - Print the send message
[INFO ] 2023-11-22 15:53:42.240 [main] HelperClass - Quitting the driver
[INFO ] 2023-11-22 15:53:47.482 [main] HelperClass - Logged into Cyclos website
[INFO ] 2023-11-22 15:53:47.482 [main] HelperClass - Cyclos URL is launched
[INFO ] 2023-11-22 15:53:49.202 [main] HelperClass - User enter valid user name and password
[INFO ] 2023-11-22 15:53:50.264 [main] HelperClass - User selects the message tab
[INFO ] 2023-11-22 15:53:51.510 [main] HelperClass - User select the inbox option
[INFO ] 2023-11-22 15:53:51.726 [main] HelperClass - User get the number of inbox messages
[INFO ] 2023-11-22 15:53:51.727 [main] HelperClass - Quitting the driver
[INFO ] 2023-11-22 15:53:57.371 [main] HelperClass - Logged into Cyclos website
[INFO ] 2023-11-22 15:53:57.371 [main] HelperClass - Cyclos URL is launched
[INFO ] 2023-11-22 15:54:00.175 [main] HelperClass - User enter valid user name and password
[INFO ] 2023-11-22 15:54:01.543 [main] HelperClass - User selects the message tab
[INFO ] 2023-11-22 15:54:03.824 [main] HelperClass - User select the Trash option
[INFO ] 2023-11-22 15:54:04.006 [main] HelperClass - User get the number of Trash message
[INFO ] 2023-11-22 15:54:04.007 [main] HelperClass - Quitting the driver
[INFO ] 2023-11-22 15:54:11.676 [main] HelperClass - Logged into Cyclos website
[INFO ] 2023-11-22 15:54:11.676 [main] HelperClass - Cyclos URL is launched
[INFO ] 2023-11-22 15:54:14.287 [main] HelperClass - User enter valid user name and password
[INFO ] 2023-11-22 15:54:15.285 [main] HelperClass - User selects the message tab
[INFO ] 2023-11-22 15:54:16.573 [main] HelperClass - User clicks the new message button
[INFO ] 2023-11-22 15:54:19.488 [main] HelperClass - User clicks the message button
[INFO ] 2023-11-22 15:54:20.090 [main] HelperClass - User receives a verification message
[INFO ] 2023-11-22 15:54:20.091 [main] HelperClass - Quitting the driver
[INFO ] 2023-11-22 15:54:26.043 [main] HelperClass - Logged into Cyclos website
[INFO ] 2023-11-22 15:54:26.043 [main] HelperClass - Cyclos URL is launched
[INFO ] 2023-11-22 15:54:27.816 [main] HelperClass - User enter valid user name and password
[INFO ] 2023-11-22 15:54:28.868 [main] HelperClass - User selects the message tab
[INFO ] 2023-11-22 15:54:30.739 [main] HelperClass - User clicks the new message button
[INFO ] 2023-11-22 15:54:33.997 [main] HelperClass - User enter valid username and password
[INFO ] 2023-11-22 15:54:34.235 [main] HelperClass - User receive the message 
[INFO ] 2023-11-22 15:54:34.236 [main] HelperClass - Quitting the driver
[INFO ] 2023-11-22 16:10:35.778 [main] HelperClass - Logged into Cyclos website
[INFO ] 2023-11-22 16:10:35.783 [main] HelperClass - Cyclos URL is launched
[INFO ] 2023-11-22 16:10:37.485 [main] HelperClass - User entered username and password
[INFO ] 2023-11-22 16:10:38.534 [main] HelperClass - User selected the marketplace tab
[INFO ] 2023-11-22 16:10:38.582 [main] HelperClass - User selects the buy voucher option
[INFO ] 2023-11-22 16:10:40.080 [main] HelperClass - User selects the Gift voucher
[INFO ] 2023-11-22 16:10:41.359 [main] HelperClass - User entered the amount and submit
[INFO ] 2023-11-22 16:10:42.131 [main] HelperClass - Print the gift voucher pdf and the submission verified
[INFO ] 2023-11-22 16:10:42.133 [main] HelperClass - Quitting the driver
[INFO ] 2023-11-22 16:10:47.587 [main] HelperClass - Logged into Cyclos website
[INFO ] 2023-11-22 16:10:47.587 [main] HelperClass - Cyclos URL is launched
[INFO ] 2023-11-22 16:10:49.556 [main] HelperClass - User entered username and password
[INFO ] 2023-11-22 16:10:50.672 [main] HelperClass - User selected the marketplace tab
[INFO ] 2023-11-22 16:10:50.724 [main] HelperClass - User Selects the my voucher option
[INFO ] 2023-11-22 16:18:51.964 [main] HelperClass - Logged into Cyclos website
[INFO ] 2023-11-22 16:18:51.966 [main] HelperClass - Cyclos URL is launched
[INFO ] 2023-11-22 16:18:53.665 [main] HelperClass - User entered username and password
[INFO ] 2023-11-22 16:18:54.715 [main] HelperClass - User selected the marketplace tab
[INFO ] 2023-11-22 16:18:54.763 [main] HelperClass - User selects the buy voucher option
[INFO ] 2023-11-22 16:18:56.155 [main] HelperClass - User selects the Gift voucher
[INFO ] 2023-11-22 16:18:57.421 [main] HelperClass - User entered the amount and submit
[INFO ] 2023-11-22 16:18:58.183 [main] HelperClass - Print the gift voucher pdf and the submission verified
[INFO ] 2023-11-22 16:18:58.184 [main] HelperClass - Quitting the driver
[INFO ] 2023-11-22 16:19:03.588 [main] HelperClass - Logged into Cyclos website
[INFO ] 2023-11-22 16:19:03.589 [main] HelperClass - Cyclos URL is launched
[INFO ] 2023-11-22 16:19:05.366 [main] HelperClass - User entered username and password
[INFO ] 2023-11-22 16:19:06.466 [main] HelperClass - User selected the marketplace tab
[INFO ] 2023-11-22 16:19:06.521 [main] HelperClass - User Selects the my voucher option
[INFO ] 2023-11-22 16:19:26.839 [main] HelperClass - Quitting the driver
[INFO ] 2023-11-22 16:25:20.704 [TestNG-PoolService-1] HelperClass - Logged into Cyclos website
[INFO ] 2023-11-22 16:25:20.707 [TestNG-PoolService-1] HelperClass - Cyclos URL is launched
[INFO ] 2023-11-22 16:25:21.069 [TestNG-PoolService-3] HelperClass - Logged into Cyclos website
[INFO ] 2023-11-22 16:25:21.070 [TestNG-PoolService-3] HelperClass - Cyclos URL is launched
[INFO ] 2023-11-22 16:25:21.279 [TestNG-PoolService-4] HelperClass - Logged into Cyclos website
[INFO ] 2023-11-22 16:25:21.279 [TestNG-PoolService-4] HelperClass - Cyclos URL is launched
[INFO ] 2023-11-22 16:25:21.634 [TestNG-PoolService-0] HelperClass - Logged into Cyclos website
[INFO ] 2023-11-22 16:25:21.636 [TestNG-PoolService-0] HelperClass - Cyclos URL is launched
[INFO ] 2023-11-22 16:25:22.041 [TestNG-PoolService-2] HelperClass - Logged into Cyclos website
[INFO ] 2023-11-22 16:25:22.041 [TestNG-PoolService-2] HelperClass - Cyclos URL is launched
[INFO ] 2023-11-22 16:25:25.275 [TestNG-PoolService-1] HelperClass - User enter valid user name and password
[INFO ] 2023-11-22 16:25:25.306 [TestNG-PoolService-3] HelperClass - User enter valid user name and password
[INFO ] 2023-11-22 16:25:25.338 [TestNG-PoolService-4] HelperClass - User enter valid user name and password
[INFO ] 2023-11-22 16:25:25.368 [TestNG-PoolService-0] HelperClass - User enter valid user name and password
[INFO ] 2023-11-22 16:25:25.401 [TestNG-PoolService-2] HelperClass - User enter valid user name and password
[INFO ] 2023-11-22 16:56:29.485 [main] HelperClass - Logged into Cyclos website
[INFO ] 2023-11-22 16:56:29.491 [main] HelperClass - Cyclos URL is launched
[INFO ] 2023-11-22 16:56:31.430 [main] HelperClass - User entered username and password
[INFO ] 2023-11-22 16:56:32.609 [main] HelperClass - User selected the marketplace tab
[INFO ] 2023-11-22 16:56:32.697 [main] HelperClass - User selects the buy voucher option
[INFO ] 2023-11-22 16:56:34.191 [main] HelperClass - User selects the Gift voucher
[INFO ] 2023-11-22 16:56:35.606 [main] HelperClass - User entered the amount and submit
[INFO ] 2023-11-22 16:56:36.450 [main] HelperClass - Print the gift voucher pdf and the submission verified
[INFO ] 2023-11-22 16:56:36.453 [main] HelperClass - Quitting the driver
[INFO ] 2023-11-22 16:56:43.468 [main] HelperClass - Logged into Cyclos website
[INFO ] 2023-11-22 16:56:43.468 [main] HelperClass - Cyclos URL is launched
[INFO ] 2023-11-22 16:56:46.902 [main] HelperClass - User entered username and password
[INFO ] 2023-11-22 16:56:48.031 [main] HelperClass - User selected the marketplace tab
[INFO ] 2023-11-22 16:56:48.090 [main] HelperClass - User Selects the my voucher option
[INFO ] 2023-11-22 16:56:49.702 [main] HelperClass - User Verfied the page is successfully opened
[INFO ] 2023-11-22 16:56:49.787 [main] HelperClass - User download the gift voucher pdf
[INFO ] 2023-11-22 16:56:49.792 [main] HelperClass - Quitting the driver
[INFO ] 2023-11-22 17:41:33.015 [main] HelperClass - Logged into Cyclos website
[INFO ] 2023-11-22 17:41:33.020 [main] HelperClass - Cyclos URL is launched
[INFO ] 2023-11-22 17:41:34.967 [main] HelperClass - User enter valid user name and password
[INFO ] 2023-11-22 17:41:35.990 [main] HelperClass - User selects the message tab
[INFO ] 2023-11-22 17:41:37.307 [main] HelperClass - User select the send message option
[INFO ] 2023-11-22 17:41:37.531 [main] HelperClass - User gets the number of send messages
[INFO ] 2023-11-22 17:41:37.589 [main] HelperClass - Print the send message
[INFO ] 2023-11-22 17:41:37.592 [main] HelperClass - Quitting the driver
[INFO ] 2023-11-22 17:41:43.594 [main] HelperClass - Logged into Cyclos website
[INFO ] 2023-11-22 17:41:43.594 [main] HelperClass - Cyclos URL is launched
[INFO ] 2023-11-22 17:41:45.442 [main] HelperClass - User enter valid user name and password
[INFO ] 2023-11-22 17:41:46.505 [main] HelperClass - User selects the message tab
[INFO ] 2023-11-22 17:41:48.647 [main] HelperClass - User select the inbox option
[INFO ] 2023-11-22 17:41:49.030 [main] HelperClass - User get the number of inbox messages
[INFO ] 2023-11-22 17:41:49.030 [main] HelperClass - Quitting the driver
[INFO ] 2023-11-22 17:41:55.536 [main] HelperClass - Logged into Cyclos website
[INFO ] 2023-11-22 17:41:55.536 [main] HelperClass - Cyclos URL is launched
[INFO ] 2023-11-22 17:41:57.845 [main] HelperClass - User enter valid user name and password
[INFO ] 2023-11-22 17:41:59.410 [main] HelperClass - User selects the message tab
[INFO ] 2023-11-22 17:42:01.923 [main] HelperClass - User select the Trash option
[INFO ] 2023-11-22 17:42:02.052 [main] HelperClass - User get the number of Trash message
[INFO ] 2023-11-22 17:42:02.052 [main] HelperClass - Quitting the driver
[INFO ] 2023-11-22 17:42:08.738 [main] HelperClass - Logged into Cyclos website
[INFO ] 2023-11-22 17:42:08.739 [main] HelperClass - Cyclos URL is launched
[INFO ] 2023-11-22 17:42:10.759 [main] HelperClass - User enter valid user name and password
[INFO ] 2023-11-22 17:42:11.779 [main] HelperClass - User selects the message tab
[INFO ] 2023-11-22 17:42:13.932 [main] HelperClass - User clicks the new message button
[INFO ] 2023-11-22 17:42:17.118 [main] HelperClass - User clicks the message button
[INFO ] 2023-11-22 17:42:17.378 [main] HelperClass - User receives a verification message
[INFO ] 2023-11-22 17:42:17.379 [main] HelperClass - Quitting the driver
[INFO ] 2023-11-22 17:42:23.994 [main] HelperClass - Logged into Cyclos website
[INFO ] 2023-11-22 17:42:23.994 [main] HelperClass - Cyclos URL is launched
[INFO ] 2023-11-22 17:42:25.983 [main] HelperClass - User enter valid user name and password
[INFO ] 2023-11-22 17:42:27.173 [main] HelperClass - User selects the message tab
[INFO ] 2023-11-22 17:42:29.005 [main] HelperClass - User clicks the new message button
[INFO ] 2023-11-22 17:42:31.864 [main] HelperClass - User enter valid username and password
[INFO ] 2023-11-22 17:42:32.128 [main] HelperClass - User receive the message 
[INFO ] 2023-11-22 17:42:32.129 [main] HelperClass - Quitting the driver
[INFO ] 2023-11-23 15:14:30.789 [main] HelperClass - Logged into Cyclos website
[INFO ] 2023-11-23 15:14:30.799 [main] HelperClass - Cyclos URL is launched
[INFO ] 2023-11-23 15:14:33.075 [main] HelperClass - User entered username and password
[INFO ] 2023-11-23 15:14:34.084 [main] HelperClass - User selected the marketplace tab
[INFO ] 2023-11-23 15:14:34.147 [main] HelperClass - User selects the buy voucher option
[INFO ] 2023-11-23 15:14:54.556 [main] HelperClass - Quitting the driver
[INFO ] 2023-11-23 15:14:59.644 [main] HelperClass - Logged into Cyclos website
[INFO ] 2023-11-23 15:14:59.644 [main] HelperClass - Cyclos URL is launched
[INFO ] 2023-11-23 15:15:01.531 [main] HelperClass - User entered username and password
[INFO ] 2023-11-23 15:15:02.548 [main] HelperClass - User selected the marketplace tab
[INFO ] 2023-11-23 15:15:02.612 [main] HelperClass - User Selects the my voucher option
[INFO ] 2023-11-23 15:15:04.787 [main] HelperClass - User Verfied the page is successfully opened
[INFO ] 2023-11-23 15:15:04.843 [main] HelperClass - User download the gift voucher pdf
[INFO ] 2023-11-23 15:15:04.843 [main] HelperClass - Quitting the driver
[INFO ] 2023-11-23 15:17:03.084 [main] HelperClass - Logged into Cyclos website
[INFO ] 2023-11-23 15:17:03.093 [main] HelperClass - Cyclos URL is launched
[INFO ] 2023-11-23 15:17:06.125 [main] HelperClass - User enter valid user name and password
[INFO ] 2023-11-23 15:17:07.208 [main] HelperClass - User selects the message tab
[INFO ] 2023-11-23 15:17:08.658 [main] HelperClass - User select the send message option
[INFO ] 2023-11-23 15:17:08.865 [main] HelperClass - User gets the number of send messages
[INFO ] 2023-11-23 15:17:08.923 [main] HelperClass - Print the send message
[INFO ] 2023-11-23 15:17:08.925 [main] HelperClass - Quitting the driver
[INFO ] 2023-11-23 15:17:13.628 [main] HelperClass - Logged into Cyclos website
[INFO ] 2023-11-23 15:17:13.629 [main] HelperClass - Cyclos URL is launched
[INFO ] 2023-11-23 15:17:15.903 [main] HelperClass - User enter valid user name and password
[INFO ] 2023-11-23 15:17:16.998 [main] HelperClass - User selects the message tab
[INFO ] 2023-11-23 15:17:19.246 [main] HelperClass - User select the inbox option
[INFO ] 2023-11-23 15:17:19.623 [main] HelperClass - User get the number of inbox messages
[INFO ] 2023-11-23 15:17:19.624 [main] HelperClass - Quitting the driver
[INFO ] 2023-11-23 15:17:24.428 [main] HelperClass - Logged into Cyclos website
[INFO ] 2023-11-23 15:17:24.428 [main] HelperClass - Cyclos URL is launched
[INFO ] 2023-11-23 15:17:26.274 [main] HelperClass - User enter valid user name and password
[INFO ] 2023-11-23 15:17:27.547 [main] HelperClass - User selects the message tab
[INFO ] 2023-11-23 15:17:30.741 [main] HelperClass - User select the Trash option
[INFO ] 2023-11-23 15:17:30.876 [main] HelperClass - User get the number of Trash message
[INFO ] 2023-11-23 15:17:30.876 [main] HelperClass - Quitting the driver
[INFO ] 2023-11-23 15:17:36.152 [main] HelperClass - Logged into Cyclos website
[INFO ] 2023-11-23 15:17:36.152 [main] HelperClass - Cyclos URL is launched
[INFO ] 2023-11-23 15:17:38.062 [main] HelperClass - User enter valid user name and password
[INFO ] 2023-11-23 15:17:39.473 [main] HelperClass - User selects the message tab
[INFO ] 2023-11-23 15:17:41.829 [main] HelperClass - User clicks the new message button
[INFO ] 2023-11-23 15:17:45.249 [main] HelperClass - User clicks the message button
[INFO ] 2023-11-23 15:17:45.828 [main] HelperClass - User receives a verification message
[INFO ] 2023-11-23 15:17:45.828 [main] HelperClass - Quitting the driver
[INFO ] 2023-11-23 15:17:52.241 [main] HelperClass - Logged into Cyclos website
[INFO ] 2023-11-23 15:17:52.242 [main] HelperClass - Cyclos URL is launched
[INFO ] 2023-11-23 15:17:54.488 [main] HelperClass - User enter valid user name and password
[INFO ] 2023-11-23 15:17:55.556 [main] HelperClass - User selects the message tab
[INFO ] 2023-11-23 15:17:56.769 [main] HelperClass - User clicks the new message button
[INFO ] 2023-11-23 15:17:59.574 [main] HelperClass - User enter valid username and password
[INFO ] 2023-11-23 15:18:00.129 [main] HelperClass - User receive the message 
[INFO ] 2023-11-23 15:18:00.129 [main] HelperClass - Quitting the driver
[INFO ] 2023-11-23 15:20:37.742 [main] HelperClass - Logged into Cyclos website
[INFO ] 2023-11-23 15:20:37.750 [main] HelperClass - Cyclos URL is launched
[INFO ] 2023-11-23 15:20:40.047 [main] HelperClass - User enter valid user name and password
[INFO ] 2023-11-23 15:20:41.061 [main] HelperClass - User selects the message tab
[INFO ] 2023-11-23 15:20:42.380 [main] HelperClass - User select the send message option
[INFO ] 2023-11-23 15:20:42.583 [main] HelperClass - User gets the number of send messages
[INFO ] 2023-11-23 15:20:42.637 [main] HelperClass - Print the send message
[INFO ] 2023-11-23 15:20:42.639 [main] HelperClass - Quitting the driver
[INFO ] 2023-11-23 15:20:47.126 [main] HelperClass - Logged into Cyclos website
[INFO ] 2023-11-23 15:20:47.126 [main] HelperClass - Cyclos URL is launched
[INFO ] 2023-11-23 15:20:49.299 [main] HelperClass - User enter valid user name and password
[INFO ] 2023-11-23 15:20:50.340 [main] HelperClass - User selects the message tab
[INFO ] 2023-11-23 15:20:52.368 [main] HelperClass - User select the inbox option
[INFO ] 2023-11-23 15:20:52.687 [main] HelperClass - User get the number of inbox messages
[INFO ] 2023-11-23 15:20:52.687 [main] HelperClass - Quitting the driver
[INFO ] 2023-11-23 15:20:57.821 [main] HelperClass - Logged into Cyclos website
[INFO ] 2023-11-23 15:20:57.821 [main] HelperClass - Cyclos URL is launched
[INFO ] 2023-11-23 15:21:00.096 [main] HelperClass - User enter valid user name and password
[INFO ] 2023-11-23 15:21:01.681 [main] HelperClass - User selects the message tab
[INFO ] 2023-11-23 15:21:03.958 [main] HelperClass - User select the Trash option
[INFO ] 2023-11-23 15:21:04.023 [main] HelperClass - User get the number of Trash message
[INFO ] 2023-11-23 15:21:04.024 [main] HelperClass - Quitting the driver
[INFO ] 2023-11-23 15:21:09.480 [main] HelperClass - Logged into Cyclos website
[INFO ] 2023-11-23 15:21:09.481 [main] HelperClass - Cyclos URL is launched
[INFO ] 2023-11-23 15:21:11.464 [main] HelperClass - User enter valid user name and password
[INFO ] 2023-11-23 15:21:12.466 [main] HelperClass - User selects the message tab
[INFO ] 2023-11-23 15:21:14.369 [main] HelperClass - User clicks the new message button
[INFO ] 2023-11-23 15:21:17.476 [main] HelperClass - User clicks the message button
[INFO ] 2023-11-23 15:21:17.958 [main] HelperClass - User receives a verification message
[INFO ] 2023-11-23 15:21:17.959 [main] HelperClass - Quitting the driver
[INFO ] 2023-11-23 15:21:24.867 [main] HelperClass - Logged into Cyclos website
[INFO ] 2023-11-23 15:21:24.867 [main] HelperClass - Cyclos URL is launched
[INFO ] 2023-11-23 15:21:28.103 [main] HelperClass - User enter valid user name and password
[INFO ] 2023-11-23 15:21:29.112 [main] HelperClass - User selects the message tab
[INFO ] 2023-11-23 15:21:30.387 [main] HelperClass - User clicks the new message button
[INFO ] 2023-11-23 15:21:33.188 [main] HelperClass - User enter valid username and password
[INFO ] 2023-11-23 15:21:33.424 [main] HelperClass - User receive the message 
[INFO ] 2023-11-23 15:21:33.425 [main] HelperClass - Quitting the driver
[INFO ] 2023-11-23 15:33:35.827 [main] HelperClass - Logged into Cyclos website
[INFO ] 2023-11-23 15:33:35.832 [main] HelperClass - Cyclos URL is launched
[INFO ] 2023-11-23 15:33:37.733 [main] HelperClass - User enter valid user name and password
[INFO ] 2023-11-23 15:33:38.798 [main] HelperClass - User selects the message tab
[INFO ] 2023-11-23 15:33:40.126 [main] HelperClass - User select the send message option
[INFO ] 2023-11-23 15:33:40.382 [main] HelperClass - User gets the number of send messages
[INFO ] 2023-11-23 15:33:40.466 [main] HelperClass - Print the send message
[INFO ] 2023-11-23 15:33:40.468 [main] HelperClass - Quitting the driver
[INFO ] 2023-11-23 15:33:45.436 [main] HelperClass - Logged into Cyclos website
[INFO ] 2023-11-23 15:33:45.436 [main] HelperClass - Cyclos URL is launched
[INFO ] 2023-11-23 15:33:47.256 [main] HelperClass - User enter valid user name and password
[INFO ] 2023-11-23 15:33:48.263 [main] HelperClass - User selects the message tab
[INFO ] 2023-11-23 15:33:49.733 [main] HelperClass - User select the inbox option
[INFO ] 2023-11-23 15:33:50.057 [main] HelperClass - User get the number of inbox messages
[INFO ] 2023-11-23 15:33:50.058 [main] HelperClass - Quitting the driver
[INFO ] 2023-11-23 15:33:55.832 [main] HelperClass - Logged into Cyclos website
[INFO ] 2023-11-23 15:33:55.833 [main] HelperClass - Cyclos URL is launched
[INFO ] 2023-11-23 15:33:58.265 [main] HelperClass - User enter valid user name and password
[INFO ] 2023-11-23 15:33:59.267 [main] HelperClass - User selects the message tab
[INFO ] 2023-11-23 15:34:01.459 [main] HelperClass - User select the Trash option
[INFO ] 2023-11-23 15:34:01.655 [main] HelperClass - User get the number of Trash message
[INFO ] 2023-11-23 15:34:01.656 [main] HelperClass - Quitting the driver
[INFO ] 2023-11-23 15:34:08.837 [main] HelperClass - Logged into Cyclos website
[INFO ] 2023-11-23 15:34:08.838 [main] HelperClass - Cyclos URL is launched
[INFO ] 2023-11-23 15:34:11.016 [main] HelperClass - User enter valid user name and password
[INFO ] 2023-11-23 15:34:12.446 [main] HelperClass - User selects the message tab
[INFO ] 2023-11-23 15:34:13.881 [main] HelperClass - User clicks the new message button
[INFO ] 2023-11-23 15:34:17.063 [main] HelperClass - User clicks the message button
[INFO ] 2023-11-23 15:34:17.636 [main] HelperClass - User receives a verification message
[INFO ] 2023-11-23 15:34:17.636 [main] HelperClass - Quitting the driver
[INFO ] 2023-11-23 15:34:23.686 [main] HelperClass - Logged into Cyclos website
[INFO ] 2023-11-23 15:34:23.686 [main] HelperClass - Cyclos URL is launched
[INFO ] 2023-11-23 15:34:25.572 [main] HelperClass - User enter valid user name and password
[INFO ] 2023-11-23 15:34:26.636 [main] HelperClass - User selects the message tab
[INFO ] 2023-11-23 15:34:28.787 [main] HelperClass - User clicks the new message button
[INFO ] 2023-11-23 15:34:31.640 [main] HelperClass - User enter valid username and password
[INFO ] 2023-11-23 15:34:32.219 [main] HelperClass - User receive the message 
[INFO ] 2023-11-23 15:34:32.219 [main] HelperClass - Quitting the driver
[INFO ] 2023-11-23 15:36:37.468 [main] HelperClass - Logged into Cyclos website
[INFO ] 2023-11-23 15:36:37.474 [main] HelperClass - Cyclos URL is launched
[INFO ] 2023-11-23 15:36:40.303 [main] HelperClass - User enter valid user name and password
[INFO ] 2023-11-23 15:36:41.320 [main] HelperClass - User selects the message tab
[INFO ] 2023-11-23 15:36:42.717 [main] HelperClass - User select the send message option
[INFO ] 2023-11-23 15:36:42.950 [main] HelperClass - User gets the number of send messages
[INFO ] 2023-11-23 15:36:43.019 [main] HelperClass - Print the send message
[INFO ] 2023-11-23 15:36:43.022 [main] HelperClass - Quitting the driver
[INFO ] 2023-11-23 15:36:49.045 [main] HelperClass - Logged into Cyclos website
[INFO ] 2023-11-23 15:36:49.045 [main] HelperClass - Cyclos URL is launched
[INFO ] 2023-11-23 15:36:51.444 [main] HelperClass - User enter valid user name and password
[INFO ] 2023-11-23 15:36:52.558 [main] HelperClass - User selects the message tab
[INFO ] 2023-11-23 15:36:53.968 [main] HelperClass - User select the inbox option
[INFO ] 2023-11-23 15:36:54.218 [main] HelperClass - User get the number of inbox messages
[INFO ] 2023-11-23 15:36:54.218 [main] HelperClass - Quitting the driver
[INFO ] 2023-11-23 15:36:59.600 [main] HelperClass - Logged into Cyclos website
[INFO ] 2023-11-23 15:36:59.600 [main] HelperClass - Cyclos URL is launched
[INFO ] 2023-11-23 15:37:01.809 [main] HelperClass - User enter valid user name and password
[INFO ] 2023-11-23 15:37:02.836 [main] HelperClass - User selects the message tab
[INFO ] 2023-11-23 15:37:04.716 [main] HelperClass - User select the Trash option
[INFO ] 2023-11-23 15:37:04.838 [main] HelperClass - User get the number of Trash message
[INFO ] 2023-11-23 15:37:04.838 [main] HelperClass - Quitting the driver
[INFO ] 2023-11-23 15:37:10.870 [main] HelperClass - Logged into Cyclos website
[INFO ] 2023-11-23 15:37:10.871 [main] HelperClass - Cyclos URL is launched
[INFO ] 2023-11-23 15:37:13.292 [main] HelperClass - User enter valid user name and password
[INFO ] 2023-11-23 15:37:14.312 [main] HelperClass - User selects the message tab
[INFO ] 2023-11-23 15:37:15.836 [main] HelperClass - User clicks the new message button
[INFO ] 2023-11-23 15:37:19.065 [main] HelperClass - User clicks the message button
[INFO ] 2023-11-23 15:37:19.887 [main] HelperClass - User receives a verification message
[INFO ] 2023-11-23 15:37:19.888 [main] HelperClass - Quitting the driver
[INFO ] 2023-11-23 15:37:26.734 [main] HelperClass - Logged into Cyclos website
[INFO ] 2023-11-23 15:37:26.735 [main] HelperClass - Cyclos URL is launched
[INFO ] 2023-11-23 15:37:29.626 [main] HelperClass - User enter valid user name and password
[INFO ] 2023-11-23 15:37:30.920 [main] HelperClass - User selects the message tab
[INFO ] 2023-11-23 15:37:32.008 [main] HelperClass - User clicks the new message button
[INFO ] 2023-11-23 15:37:34.857 [main] HelperClass - User enter valid username and password
[INFO ] 2023-11-23 15:37:35.398 [main] HelperClass - User receive the message 
[INFO ] 2023-11-23 15:37:35.399 [main] HelperClass - Quitting the driver
[INFO ] 2023-11-23 15:55:09.574 [main] HelperClass - Logged into Cyclos website
[INFO ] 2023-11-23 15:55:09.583 [main] HelperClass - Cyclos URL is launched
[INFO ] 2023-11-23 15:55:12.656 [main] HelperClass - User enter valid user name and password
[INFO ] 2023-11-23 15:55:13.668 [main] HelperClass - User selects the message tab
[INFO ] 2023-11-23 15:55:15.000 [main] HelperClass - User select the send message option
[INFO ] 2023-11-23 15:55:15.225 [main] HelperClass - User gets the number of send messages
[INFO ] 2023-11-23 15:55:15.285 [main] HelperClass - Print the send message
[INFO ] 2023-11-23 15:55:15.286 [main] HelperClass - Quitting the driver
[INFO ] 2023-11-23 15:55:21.814 [main] HelperClass - Logged into Cyclos website
[INFO ] 2023-11-23 15:55:21.816 [main] HelperClass - Cyclos URL is launched
[INFO ] 2023-11-23 15:55:24.162 [main] HelperClass - User enter valid user name and password
[INFO ] 2023-11-23 15:55:25.194 [main] HelperClass - User selects the message tab
[INFO ] 2023-11-23 15:55:26.848 [main] HelperClass - User select the inbox option
[INFO ] 2023-11-23 15:55:27.108 [main] HelperClass - User get the number of inbox messages
[INFO ] 2023-11-23 15:55:27.109 [main] HelperClass - Quitting the driver
[INFO ] 2023-11-23 15:55:33.717 [main] HelperClass - Logged into Cyclos website
[INFO ] 2023-11-23 15:55:33.717 [main] HelperClass - Cyclos URL is launched
[INFO ] 2023-11-23 15:55:36.299 [main] HelperClass - User enter valid user name and password
[INFO ] 2023-11-23 15:55:37.574 [main] HelperClass - User selects the message tab
[INFO ] 2023-11-23 15:55:39.856 [main] HelperClass - User select the Trash option
[INFO ] 2023-11-23 15:55:40.010 [main] HelperClass - User get the number of Trash message
[INFO ] 2023-11-23 15:55:40.011 [main] HelperClass - Quitting the driver
[INFO ] 2023-11-23 15:55:46.409 [main] HelperClass - Logged into Cyclos website
[INFO ] 2023-11-23 15:55:46.410 [main] HelperClass - Cyclos URL is launched
[INFO ] 2023-11-23 15:55:48.858 [main] HelperClass - User enter valid user name and password
[INFO ] 2023-11-23 15:55:50.340 [main] HelperClass - User selects the message tab
[INFO ] 2023-11-23 15:55:51.860 [main] HelperClass - User clicks the new message button
[INFO ] 2023-11-23 15:55:55.024 [main] HelperClass - User clicks the message button
[INFO ] 2023-11-23 15:55:55.635 [main] HelperClass - User receives a verification message
[INFO ] 2023-11-23 15:55:55.635 [main] HelperClass - Quitting the driver
[INFO ] 2023-11-23 15:56:02.108 [main] HelperClass - Logged into Cyclos website
[INFO ] 2023-11-23 15:56:02.109 [main] HelperClass - Cyclos URL is launched
[INFO ] 2023-11-23 15:56:04.336 [main] HelperClass - User enter valid user name and password
[INFO ] 2023-11-23 15:56:05.448 [main] HelperClass - User selects the message tab
[INFO ] 2023-11-23 15:56:06.999 [main] HelperClass - User clicks the new message button
[INFO ] 2023-11-23 15:56:09.969 [main] HelperClass - User enter valid username and password
[INFO ] 2023-11-23 15:56:10.537 [main] HelperClass - User receive the message 
[INFO ] 2023-11-23 15:56:10.537 [main] HelperClass - Quitting the driver
[INFO ] 2023-11-23 16:02:00.173 [main] HelperClass - Logged into Cyclos website
[INFO ] 2023-11-23 16:02:00.204 [main] HelperClass - Cyclos URL is launched
[INFO ] 2023-11-23 16:02:02.789 [main] HelperClass - User enter valid user name and password
[INFO ] 2023-11-23 16:02:03.795 [main] HelperClass - User selects the message tab
[INFO ] 2023-11-23 16:02:05.211 [main] HelperClass - User select the send message option
[INFO ] 2023-11-23 16:02:05.465 [main] HelperClass - User gets the number of send messages
[INFO ] 2023-11-23 16:02:05.531 [main] HelperClass - Print the send message
[INFO ] 2023-11-23 16:02:05.533 [main] HelperClass - Quitting the driver
[INFO ] 2023-11-23 16:02:12.401 [main] HelperClass - Logged into Cyclos website
[INFO ] 2023-11-23 16:02:12.401 [main] HelperClass - Cyclos URL is launched
[INFO ] 2023-11-23 16:02:14.315 [main] HelperClass - User enter valid user name and password
[INFO ] 2023-11-23 16:02:15.346 [main] HelperClass - User selects the message tab
[INFO ] 2023-11-23 16:02:16.991 [main] HelperClass - User select the inbox option
[INFO ] 2023-11-23 16:02:17.216 [main] HelperClass - User get the number of inbox messages
[INFO ] 2023-11-23 16:02:17.217 [main] HelperClass - Quitting the driver
[INFO ] 2023-11-23 16:02:23.473 [main] HelperClass - Logged into Cyclos website
[INFO ] 2023-11-23 16:02:23.473 [main] HelperClass - Cyclos URL is launched
[INFO ] 2023-11-23 16:02:26.113 [main] HelperClass - User enter valid user name and password
[INFO ] 2023-11-23 16:02:27.159 [main] HelperClass - User selects the message tab
[INFO ] 2023-11-23 16:02:28.626 [main] HelperClass - User select the Trash option
[INFO ] 2023-11-23 16:02:28.702 [main] HelperClass - User get the number of Trash message
[INFO ] 2023-11-23 16:02:28.703 [main] HelperClass - Quitting the driver
[INFO ] 2023-11-23 16:02:35.305 [main] HelperClass - Logged into Cyclos website
[INFO ] 2023-11-23 16:02:35.306 [main] HelperClass - Cyclos URL is launched
[INFO ] 2023-11-23 16:02:37.220 [main] HelperClass - User enter valid user name and password
[INFO ] 2023-11-23 16:02:38.356 [main] HelperClass - User selects the message tab
[INFO ] 2023-11-23 16:02:40.330 [main] HelperClass - User clicks the new message button
[INFO ] 2023-11-23 16:02:43.536 [main] HelperClass - User clicks the message button
[INFO ] 2023-11-23 16:02:43.804 [main] HelperClass - User receives a verification message
[INFO ] 2023-11-23 16:02:43.804 [main] HelperClass - Quitting the driver
[INFO ] 2023-11-23 16:02:50.158 [main] HelperClass - Logged into Cyclos website
[INFO ] 2023-11-23 16:02:50.159 [main] HelperClass - Cyclos URL is launched
[INFO ] 2023-11-23 16:02:52.430 [main] HelperClass - User enter valid user name and password
[INFO ] 2023-11-23 16:02:53.540 [main] HelperClass - User selects the message tab
[INFO ] 2023-11-23 16:02:55.495 [main] HelperClass - User clicks the new message button
[INFO ] 2023-11-23 16:02:58.473 [main] HelperClass - User enter valid username and password
[INFO ] 2023-11-23 16:02:59.043 [main] HelperClass - User receive the message 
[INFO ] 2023-11-23 16:02:59.043 [main] HelperClass - Quitting the driver
[INFO ] 2023-11-23 16:49:00.680 [main] HelperClass - Logged into Cyclos website
[INFO ] 2023-11-23 16:49:00.684 [main] HelperClass - Cyclos URL is launched
[INFO ] 2023-11-23 16:49:02.373 [main] HelperClass - User entered username and password
[INFO ] 2023-11-23 16:49:03.393 [main] HelperClass - User selected the marketplace tab
[INFO ] 2023-11-23 16:49:03.446 [main] HelperClass - User selects the buy voucher option
[INFO ] 2023-11-23 16:49:05.380 [main] HelperClass - User selects the Gift voucher
[INFO ] 2023-11-23 16:49:06.545 [main] HelperClass - User entered the amount and submit
[INFO ] 2023-11-23 16:49:07.305 [main] HelperClass - Print the gift voucher pdf and the submission verified
[INFO ] 2023-11-23 16:49:07.307 [main] HelperClass - Quitting the driver
[INFO ] 2023-11-23 16:49:13.256 [main] HelperClass - Logged into Cyclos website
[INFO ] 2023-11-23 16:49:13.256 [main] HelperClass - Cyclos URL is launched
[INFO ] 2023-11-23 16:49:15.281 [main] HelperClass - User entered username and password
[INFO ] 2023-11-23 16:49:16.337 [main] HelperClass - User selected the marketplace tab
[INFO ] 2023-11-23 16:49:16.514 [main] HelperClass - Quitting the driver
